Determining if the pthread_create exist failed with the following output:
Change Dir: /media/sf_youbot_edinburgh/workspaces/andrew/src/cyphy-vis-slam/template_matching/build/CMakeFiles/CMakeTmp

Run Build Command:/usr/bin/make "cmTryCompileExec4156210264/fast"
make[1]: Entering directory `/media/sf_youbot_edinburgh/workspaces/andrew/src/cyphy-vis-slam/template_matching/build/CMakeFiles/CMakeTmp'
make[1]: Warning: File `Makefile' has modification time 0.0078 s in the future
/usr/bin/make -f CMakeFiles/cmTryCompileExec4156210264.dir/build.make CMakeFiles/cmTryCompileExec4156210264.dir/build
make[2]: Entering directory `/media/sf_youbot_edinburgh/workspaces/andrew/src/cyphy-vis-slam/template_matching/build/CMakeFiles/CMakeTmp'
make[2]: Warning: File `CMakeFiles/cmTryCompileExec4156210264.dir/flags.make' has modification time 0.00026 s in the future
/usr/bin/cmake -E cmake_progress_report /media/sf_youbot_edinburgh/workspaces/andrew/src/cyphy-vis-slam/template_matching/build/CMakeFiles/CMakeTmp/CMakeFiles 1
Building C object CMakeFiles/cmTryCompileExec4156210264.dir/CheckSymbolExists.c.o
/usr/bin/cc    -o CMakeFiles/cmTryCompileExec4156210264.dir/CheckSymbolExists.c.o   -c /media/sf_youbot_edinburgh/workspaces/andrew/src/cyphy-vis-slam/template_matching/build/CMakeFiles/CMakeTmp/CheckSymbolExists.c
Linking C executable cmTryCompileExec4156210264
/usr/bin/cmake -E cmake_link_script CMakeFiles/cmTryCompileExec4156210264.dir/link.txt --verbose=1
/usr/bin/cc         CMakeFiles/cmTryCompileExec4156210264.dir/CheckSymbolExists.c.o  -o cmTryCompileExec4156210264 -rdynamic 
CMakeFiles/cmTryCompileExec4156210264.dir/CheckSymbolExists.c.o: In function `main':
CheckSymbolExists.c:(.text+0x16): undefined reference to `pthread_create'
collect2: error: ld returned 1 exit status
make[2]: *** [cmTryCompileExec4156210264] Error 1
make[2]: Leaving directory `/media/sf_youbot_edinburgh/workspaces/andrew/src/cyphy-vis-slam/template_matching/build/CMakeFiles/CMakeTmp'
make[1]: *** [cmTryCompileExec4156210264/fast] Error 2
make[1]: Leaving directory `/media/sf_youbot_edinburgh/workspaces/andrew/src/cyphy-vis-slam/template_matching/build/CMakeFiles/CMakeTmp'

File /media/sf_youbot_edinburgh/workspaces/andrew/src/cyphy-vis-slam/template_matching/build/CMakeFiles/CMakeTmp/CheckSymbolExists.c:
/* */
#include <pthread.h>

int main(int argc, char** argv)
{
  (void)argv;
#ifndef pthread_create
  return ((int*)(&pthread_create))[argc];
#else
  (void)argc;
  return 0;
#endif
}

Determining if the function pthread_create exists in the pthreads failed with the following output:
Change Dir: /media/sf_youbot_edinburgh/workspaces/andrew/src/cyphy-vis-slam/template_matching/build/CMakeFiles/CMakeTmp

Run Build Command:/usr/bin/make "cmTryCompileExec2092926467/fast"
make[1]: Entering directory `/media/sf_youbot_edinburgh/workspaces/andrew/src/cyphy-vis-slam/template_matching/build/CMakeFiles/CMakeTmp'
make[1]: Warning: File `Makefile' has modification time 0.0063 s in the future
/usr/bin/make -f CMakeFiles/cmTryCompileExec2092926467.dir/build.make CMakeFiles/cmTryCompileExec2092926467.dir/build
make[2]: Entering directory `/media/sf_youbot_edinburgh/workspaces/andrew/src/cyphy-vis-slam/template_matching/build/CMakeFiles/CMakeTmp'
make[2]: Warning: File `CMakeFiles/cmTryCompileExec2092926467.dir/progress.make' has modification time 0.021 s in the future
/usr/bin/cmake -E cmake_progress_report /media/sf_youbot_edinburgh/workspaces/andrew/src/cyphy-vis-slam/template_matching/build/CMakeFiles/CMakeTmp/CMakeFiles 1
Building C object CMakeFiles/cmTryCompileExec2092926467.dir/CheckFunctionExists.c.o
/usr/bin/cc   -DCHECK_FUNCTION_EXISTS=pthread_create   -o CMakeFiles/cmTryCompileExec2092926467.dir/CheckFunctionExists.c.o   -c /usr/share/cmake-2.8/Modules/CheckFunctionExists.c
Linking C executable cmTryCompileExec2092926467
/usr/bin/cmake -E cmake_link_script CMakeFiles/cmTryCompileExec2092926467.dir/link.txt --verbose=1
/usr/bin/cc     -DCHECK_FUNCTION_EXISTS=pthread_create    CMakeFiles/cmTryCompileExec2092926467.dir/CheckFunctionExists.c.o  -o cmTryCompileExec2092926467 -rdynamic -lpthreads 
/usr/bin/ld: cannot find -lpthreads
collect2: error: ld returned 1 exit status
make[2]: *** [cmTryCompileExec2092926467] Error 1
make[2]: Leaving directory `/media/sf_youbot_edinburgh/workspaces/andrew/src/cyphy-vis-slam/template_matching/build/CMakeFiles/CMakeTmp'
make[1]: *** [cmTryCompileExec2092926467/fast] Error 2
make[1]: Leaving directory `/media/sf_youbot_edinburgh/workspaces/andrew/src/cyphy-vis-slam/template_matching/build/CMakeFiles/CMakeTmp'


